<?xml version="1.0" encoding="UTF-8"?>
<!-- Generated by org.testng.reporters.JUnitReportReporter -->
<testsuite hostname="DESKTOP-BNCKLNM" failures="0" tests="4" name="com.it_academy.homework6.web.PageSearchTest" time="4.592" errors="0" timestamp="2023-05-26T22:49:19 MSK" skipped="0">
  <testcase classname="com.it_academy.homework6.web.PageSearchTest" name="verifyIFrameFieldSearching" time="0.832"/>
  <system-out/>
  <testcase classname="com.it_academy.homework6.web.PageSearchTest" name="deleteDataInSearchingFieldAfterClosingIFrame" time="2.385"/>
  <system-out/>
  <testcase classname="com.it_academy.homework6.web.PageSearchTest" name="testVerifySearchInput" time="0.158"/>
  <system-out/>
  <testcase classname="com.it_academy.homework6.web.PageSearchTest" name="verifyValueInSearching" time="1.217"/>
  <system-out/>
</testsuite> <!-- com.it_academy.homework6.web.PageSearchTest -->
